INFO: 2022/03/03 20:53:40 handler.go:36: App is running on the port :8005
INFO: 2022/03/03 20:55:03 service.go:14: Entering inside HandleGetAppInfoById with args 123
INFO: 2022/03/03 23:23:33 handler.go:34: App is running on the port :8005
INFO: 2022/03/03 23:24:49 service.go:28: Entering inside HandleGet with args 1
INFO: 2022/03/03 23:26:22 handler.go:34: App is running on the port :8005
INFO: 2022/03/03 23:26:22 service.go:28: Entering inside HandleGet with args 1
INFO: 2022/03/03 23:29:24 handler.go:34: App is running on the port :8005
INFO: 2022/03/03 23:29:39 service.go:28: Entering inside HandleGet with args 1
INFO: 2022/03/03 23:30:02 connection.go:32: connection established
INFO: 2022/03/03 23:30:36 connection.go:73: Entering into insert with query select id as appId, name as appName from creative where id = ? with params 1
INFO: 2022/03/03 23:31:57 service.go:35: Returning from HandleGet with response <nil>
INFO: 2022/03/03 23:35:30 handler.go:34: App is running on the port :8005
INFO: 2022/03/03 23:35:37 service.go:28: Entering inside HandleGet with args 1
INFO: 2022/03/03 23:36:06 connection.go:32: connection established
INFO: 2022/03/03 23:36:09 connection.go:73: Entering into insert with query select id as appId, name as appName from creative where id = ? with params 1
INFO: 2022/03/03 23:38:00 handler.go:34: App is running on the port :8005
INFO: 2022/03/03 23:38:00 service.go:28: Entering inside HandleGet with args 1
INFO: 2022/03/03 23:38:00 connection.go:32: connection established
INFO: 2022/03/03 23:38:05 connection.go:73: Entering into insert with query select id as appId, name as appName from creative where id = ? with params 1
INFO: 2022/03/03 23:40:47 service.go:35: Returning from HandleGet with response &{ }
INFO: 2022/03/03 23:42:17 handler.go:34: App is running on the port :8005
INFO: 2022/03/03 23:42:23 service.go:28: Entering inside HandleGet with args 1
INFO: 2022/03/03 23:42:23 connection.go:32: connection established
INFO: 2022/03/03 23:42:31 connection.go:73: Entering into insert with query select id as appId, name as appName from creative where id = ? with params 1
INFO: 2022/03/03 23:44:00 service.go:35: Returning from HandleGet with response &{1 creative}
INFO: 2022/03/03 23:44:58 handler.go:34: App is running on the port :8005
INFO: 2022/03/03 23:45:04 service.go:28: Entering inside HandleGet with args 1
INFO: 2022/03/03 23:45:04 connection.go:32: connection established
INFO: 2022/03/03 23:45:04 connection.go:73: Entering into insert with query select id as appId, name as appName from creative where id = ? with params 1
INFO: 2022/03/03 23:45:10 service.go:36: Returning from HandleGet with response &{1 creative}
INFO: 2022/03/03 23:46:58 handler.go:34: App is running on the port :8005
INFO: 2022/03/03 23:47:06 service.go:28: Entering inside HandleGet with args 1
INFO: 2022/03/03 23:47:06 connection.go:32: connection established
INFO: 2022/03/03 23:47:06 connection.go:73: Entering into insert with query select id as appId, name as appName from creative where id = ? with params 1
INFO: 2022/03/03 23:47:06 service.go:36: Returning from HandleGet with response {1 creative}
